<?xml version="1.0" encoding="utf-8"?>
<TestRun id="bcbf999f-83be-4f87-93f5-7710864c18e9" name="@Pichayeans-MacBook-Pro 2022-10-03 20:29:40" xmlns="http://microsoft.com/schemas/VisualStudio/TeamTest/2010">
  <Times creation="2022-10-03T20:29:40.0772800+07:00" queuing="2022-10-03T20:29:40.0772810+07:00" start="2022-10-03T20:29:38.1313300+07:00" finish="2022-10-03T20:29:40.1041510+07:00" />
  <TestSettings name="default" id="c81067e7-ae90-41dc-9538-529662a03ade">
    <Deployment runDeploymentRoot="_Pichayeans-MacBook-Pro_2022-10-03_20_29_40" />
  </TestSettings>
  <Results>
    <UnitTestResult executionId="0c8c4c8e-a6af-4c0f-be49-833c3cf7e154" testId="4bd7bc03-f061-a14f-3276-2b2f72201ba8" testName="sampleunittest_tests.UnitTest1.Test2" computerName="Pichayeans-MacBook-Pro" duration="00:00:00.0001516" startTime="2022-10-03T20:29:39.8446440+07:00" endTime="2022-10-03T20:29:39.8446440+07:00" testType="13cdc9d9-ddb5-4fa4-a97d-d965ccfc6d4b" outcome="Passed" testListId="8c84fa94-04c1-424b-9868-57a2d4851a1d" relativeResultsDirectory="0c8c4c8e-a6af-4c0f-be49-833c3cf7e154" />
    <UnitTestResult executionId="7850e0fb-d009-469b-ab7a-84562957bcdb" testId="bb683445-20ae-b34d-edc8-2e35ea7c77c0" testName="sampleunittest_tests.UnitTest1.Test4" computerName="Pichayeans-MacBook-Pro" duration="00:00:00.0002257" startTime="2022-10-03T20:29:39.8451910+07:00" endTime="2022-10-03T20:29:39.8451910+07:00" testType="13cdc9d9-ddb5-4fa4-a97d-d965ccfc6d4b" outcome="Passed" testListId="8c84fa94-04c1-424b-9868-57a2d4851a1d" relativeResultsDirectory="7850e0fb-d009-469b-ab7a-84562957bcdb" />
    <UnitTestResult executionId="38526287-7f1f-4d8d-8efa-11c2064e3399" testId="0302c65f-93cd-2df0-c793-2e499cf22083" testName="sampleunittest_tests.UnitTest1.Test3" computerName="Pichayeans-MacBook-Pro" duration="00:00:00.0005147" startTime="2022-10-03T20:29:39.8445540+07:00" endTime="2022-10-03T20:29:39.8445540+07:00" testType="13cdc9d9-ddb5-4fa4-a97d-d965ccfc6d4b" outcome="Passed" testListId="8c84fa94-04c1-424b-9868-57a2d4851a1d" relativeResultsDirectory="38526287-7f1f-4d8d-8efa-11c2064e3399" />
    <UnitTestResult executionId="07f84e9c-ad06-404b-bcfb-ded98e6f9295" testId="154459d4-61db-a039-b125-77dd72fe229d" testName="sampleunittest_tests.UnitTest1.Test1" computerName="Pichayeans-MacBook-Pro" duration="00:00:00.0004903" startTime="2022-10-03T20:29:39.8437500+07:00" endTime="2022-10-03T20:29:39.8437630+07:00" testType="13cdc9d9-ddb5-4fa4-a97d-d965ccfc6d4b" outcome="Passed" testListId="8c84fa94-04c1-424b-9868-57a2d4851a1d" relativeResultsDirectory="07f84e9c-ad06-404b-bcfb-ded98e6f9295" />
    <UnitTestResult executionId="791363dd-54ba-40d2-b279-1ae2fb2a71be" testId="091db01f-c998-ab2b-949b-3f51864f1070" testName="sampleunittest_tests.UnitTest1.Test7" computerName="Pichayeans-MacBook-Pro" duration="00:00:00.0001352" startTime="2022-10-03T20:29:39.8449250+07:00" endTime="2022-10-03T20:29:39.8449250+07:00" testType="13cdc9d9-ddb5-4fa4-a97d-d965ccfc6d4b" outcome="Passed" testListId="8c84fa94-04c1-424b-9868-57a2d4851a1d" relativeResultsDirectory="791363dd-54ba-40d2-b279-1ae2fb2a71be" />
    <UnitTestResult executionId="3012f106-d44d-49c7-aca7-f7d193dee7e2" testId="694907f7-9dfc-210b-18af-6ad21e5528b7" testName="sampleunittest_tests.UnitTest1.Test6" computerName="Pichayeans-MacBook-Pro" duration="00:00:00.0036428" startTime="2022-10-03T20:29:39.8309760+07:00" endTime="2022-10-03T20:29:39.8322410+07:00" testType="13cdc9d9-ddb5-4fa4-a97d-d965ccfc6d4b" outcome="Passed" testListId="8c84fa94-04c1-424b-9868-57a2d4851a1d" relativeResultsDirectory="3012f106-d44d-49c7-aca7-f7d193dee7e2" />
    <UnitTestResult executionId="31112b7b-3070-49b5-8935-e9a3c246a8a9" testId="ef8672da-db62-1584-a712-e43effd83ce8" testName="sampleunittest_tests.UnitTest1.Test5" computerName="Pichayeans-MacBook-Pro" duration="00:00:00.0001030" startTime="2022-10-03T20:29:39.8450330+07:00" endTime="2022-10-03T20:29:39.8450330+07:00" testType="13cdc9d9-ddb5-4fa4-a97d-d965ccfc6d4b" outcome="Passed" testListId="8c84fa94-04c1-424b-9868-57a2d4851a1d" relativeResultsDirectory="31112b7b-3070-49b5-8935-e9a3c246a8a9" />
  </Results>
  <TestDefinitions>
    <UnitTest name="sampleunittest_tests.UnitTest1.Test1" storage="/users/pichayeanyensiri/workspaces/dotnet/sampleunittest/sampleunittest-tests/bin/debug/net6.0/sampleunittest-tests.dll" id="154459d4-61db-a039-b125-77dd72fe229d">
      <Execution id="07f84e9c-ad06-404b-bcfb-ded98e6f9295" />
      <TestMethod codeBase="/Users/pichayeanyensiri/workspaces/dotnet/sampleunittest/sampleunittest-tests/bin/Debug/net6.0/sampleunittest-tests.dll" adapterTypeName="executor://xunit/VsTestRunner2/netcoreapp" className="sampleunittest_tests.UnitTest1" name="Test1" />
    </UnitTest>
    <UnitTest name="sampleunittest_tests.UnitTest1.Test6" storage="/users/pichayeanyensiri/workspaces/dotnet/sampleunittest/sampleunittest-tests/bin/debug/net6.0/sampleunittest-tests.dll" id="694907f7-9dfc-210b-18af-6ad21e5528b7">
      <Execution id="3012f106-d44d-49c7-aca7-f7d193dee7e2" />
      <TestMethod codeBase="/Users/pichayeanyensiri/workspaces/dotnet/sampleunittest/sampleunittest-tests/bin/Debug/net6.0/sampleunittest-tests.dll" adapterTypeName="executor://xunit/VsTestRunner2/netcoreapp" className="sampleunittest_tests.UnitTest1" name="Test6" />
    </UnitTest>
    <UnitTest name="sampleunittest_tests.UnitTest1.Test4" storage="/users/pichayeanyensiri/workspaces/dotnet/sampleunittest/sampleunittest-tests/bin/debug/net6.0/sampleunittest-tests.dll" id="bb683445-20ae-b34d-edc8-2e35ea7c77c0">
      <Execution id="7850e0fb-d009-469b-ab7a-84562957bcdb" />
      <TestMethod codeBase="/Users/pichayeanyensiri/workspaces/dotnet/sampleunittest/sampleunittest-tests/bin/Debug/net6.0/sampleunittest-tests.dll" adapterTypeName="executor://xunit/VsTestRunner2/netcoreapp" className="sampleunittest_tests.UnitTest1" name="Test4" />
    </UnitTest>
    <UnitTest name="sampleunittest_tests.UnitTest1.Test5" storage="/users/pichayeanyensiri/workspaces/dotnet/sampleunittest/sampleunittest-tests/bin/debug/net6.0/sampleunittest-tests.dll" id="ef8672da-db62-1584-a712-e43effd83ce8">
      <Execution id="31112b7b-3070-49b5-8935-e9a3c246a8a9" />
      <TestMethod codeBase="/Users/pichayeanyensiri/workspaces/dotnet/sampleunittest/sampleunittest-tests/bin/Debug/net6.0/sampleunittest-tests.dll" adapterTypeName="executor://xunit/VsTestRunner2/netcoreapp" className="sampleunittest_tests.UnitTest1" name="Test5" />
    </UnitTest>
    <UnitTest name="sampleunittest_tests.UnitTest1.Test7" storage="/users/pichayeanyensiri/workspaces/dotnet/sampleunittest/sampleunittest-tests/bin/debug/net6.0/sampleunittest-tests.dll" id="091db01f-c998-ab2b-949b-3f51864f1070">
      <Execution id="791363dd-54ba-40d2-b279-1ae2fb2a71be" />
      <TestMethod codeBase="/Users/pichayeanyensiri/workspaces/dotnet/sampleunittest/sampleunittest-tests/bin/Debug/net6.0/sampleunittest-tests.dll" adapterTypeName="executor://xunit/VsTestRunner2/netcoreapp" className="sampleunittest_tests.UnitTest1" name="Test7" />
    </UnitTest>
    <UnitTest name="sampleunittest_tests.UnitTest1.Test3" storage="/users/pichayeanyensiri/workspaces/dotnet/sampleunittest/sampleunittest-tests/bin/debug/net6.0/sampleunittest-tests.dll" id="0302c65f-93cd-2df0-c793-2e499cf22083">
      <Execution id="38526287-7f1f-4d8d-8efa-11c2064e3399" />
      <TestMethod codeBase="/Users/pichayeanyensiri/workspaces/dotnet/sampleunittest/sampleunittest-tests/bin/Debug/net6.0/sampleunittest-tests.dll" adapterTypeName="executor://xunit/VsTestRunner2/netcoreapp" className="sampleunittest_tests.UnitTest1" name="Test3" />
    </UnitTest>
    <UnitTest name="sampleunittest_tests.UnitTest1.Test2" storage="/users/pichayeanyensiri/workspaces/dotnet/sampleunittest/sampleunittest-tests/bin/debug/net6.0/sampleunittest-tests.dll" id="4bd7bc03-f061-a14f-3276-2b2f72201ba8">
      <Execution id="0c8c4c8e-a6af-4c0f-be49-833c3cf7e154" />
      <TestMethod codeBase="/Users/pichayeanyensiri/workspaces/dotnet/sampleunittest/sampleunittest-tests/bin/Debug/net6.0/sampleunittest-tests.dll" adapterTypeName="executor://xunit/VsTestRunner2/netcoreapp" className="sampleunittest_tests.UnitTest1" name="Test2" />
    </UnitTest>
  </TestDefinitions>
  <TestEntries>
    <TestEntry testId="4bd7bc03-f061-a14f-3276-2b2f72201ba8" executionId="0c8c4c8e-a6af-4c0f-be49-833c3cf7e154" testListId="8c84fa94-04c1-424b-9868-57a2d4851a1d" />
    <TestEntry testId="bb683445-20ae-b34d-edc8-2e35ea7c77c0" executionId="7850e0fb-d009-469b-ab7a-84562957bcdb" testListId="8c84fa94-04c1-424b-9868-57a2d4851a1d" />
    <TestEntry testId="0302c65f-93cd-2df0-c793-2e499cf22083" executionId="38526287-7f1f-4d8d-8efa-11c2064e3399" testListId="8c84fa94-04c1-424b-9868-57a2d4851a1d" />
    <TestEntry testId="154459d4-61db-a039-b125-77dd72fe229d" executionId="07f84e9c-ad06-404b-bcfb-ded98e6f9295" testListId="8c84fa94-04c1-424b-9868-57a2d4851a1d" />
    <TestEntry testId="091db01f-c998-ab2b-949b-3f51864f1070" executionId="791363dd-54ba-40d2-b279-1ae2fb2a71be" testListId="8c84fa94-04c1-424b-9868-57a2d4851a1d" />
    <TestEntry testId="694907f7-9dfc-210b-18af-6ad21e5528b7" executionId="3012f106-d44d-49c7-aca7-f7d193dee7e2" testListId="8c84fa94-04c1-424b-9868-57a2d4851a1d" />
    <TestEntry testId="ef8672da-db62-1584-a712-e43effd83ce8" executionId="31112b7b-3070-49b5-8935-e9a3c246a8a9" testListId="8c84fa94-04c1-424b-9868-57a2d4851a1d" />
  </TestEntries>
  <TestLists>
    <TestList name="Results Not in a List" id="8c84fa94-04c1-424b-9868-57a2d4851a1d" />
    <TestList name="All Loaded Results" id="19431567-8539-422a-85d7-44ee4e166bda" />
  </TestLists>
  <ResultSummary outcome="Completed">
    <Counters total="7" executed="7" passed="7" failed="0" error="0" timeout="0" aborted="0" inconclusive="0" passedButRunAborted="0" notRunnable="0" notExecuted="0" disconnected="0" warning="0" completed="0" inProgress="0" pending="0" />
    <Output>
      <StdOut>[xUnit.net 00:00:00.00] xUnit.net VSTest Adapter v2.4.3+1b45f5407b (64-bit .NET 6.0.6)
[xUnit.net 00:00:00.46]   Discovering: sampleunittest-tests
[xUnit.net 00:00:00.53]   Discovered:  sampleunittest-tests
[xUnit.net 00:00:00.53]   Starting:    sampleunittest-tests
[xUnit.net 00:00:00.65]   Finished:    sampleunittest-tests
</StdOut>
    </Output>
  </ResultSummary>
</TestRun>